<?xml version="1.0" encoding="UTF-8"?>
<!-- Generated by org.testng.reporters.JUnitReportReporter -->
<testsuite skipped="0" hostname="DESKTOP-GG1MRP8" name="pom.irctc.testcases.TC010" tests="3" failures="0" timestamp="11 Feb 2021 08:20:40 GMT" time="111.833" errors="0">
  <testcase name="PhpTravelsRegister" time="63.355" classname="pom.irctc.testcases.TC010"/>
  <testcase name="PhpTravelsRegister" time="23.951" classname="pom.irctc.testcases.TC010"/>
  <testcase name="PhpTravelsRegister" time="24.527" classname="pom.irctc.testcases.TC010"/>
</testsuite> <!-- pom.irctc.testcases.TC010 -->
