<?xml version="1.0" encoding="UTF-8"?>
<!-- Generated by org.testng.reporters.JUnitReportReporter -->
<testsuite skipped="0" hostname="DESKTOP-GG1MRP8" name="pom.irctc.testcases.TC001" tests="1" failures="0" timestamp="19 Feb 2021 07:56:19 GMT" time="80.359" errors="0">
  <testcase name="IrctcRegistration" time="80.359" classname="pom.irctc.testcases.TC001"/>
</testsuite> <!-- pom.irctc.testcases.TC001 -->
