<?xml version="1.0" encoding="UTF-8"?>
<!-- Generated by org.testng.reporters.JUnitReportReporter -->
<testsuite skipped="0" hostname="DESKTOP-GG1MRP8" name="pom.irctc.testcases.TC005" tests="1" failures="0" timestamp="10 Feb 2021 03:37:57 GMT" time="101.478" errors="0">
  <testcase name="IrctcBookHotelsGstValidation" time="101.478" classname="pom.irctc.testcases.TC005"/>
</testsuite> <!-- pom.irctc.testcases.TC005 -->
