<?xml version="1.0" encoding="UTF-8"?>
<!-- Generated by org.testng.reporters.JUnitReportReporter -->
<testsuite skipped="0" hostname="DESKTOP-GG1MRP8" name="pom.irctc.testcases.TC009" tests="3" failures="0" timestamp="11 Feb 2021 08:13:12 GMT" time="61.986" errors="0">
  <testcase name="PanApply" time="22.355" classname="pom.irctc.testcases.TC009"/>
  <testcase name="PanApply" time="19.398" classname="pom.irctc.testcases.TC009"/>
  <testcase name="PanApply" time="20.233" classname="pom.irctc.testcases.TC009"/>
</testsuite> <!-- pom.irctc.testcases.TC009 -->
