<?xml version="1.0" encoding="UTF-8"?>
<!-- Generated by org.testng.reporters.JUnitReportReporter -->
<testsuite skipped="0" hostname="DESKTOP-GG1MRP8" name="pom.irctc.testcases.TC008" tests="3" failures="0" timestamp="11 Feb 2021 07:37:08 GMT" time="111.150" errors="0">
  <testcase name="OnlineUsVisaAppy" time="36.518" classname="pom.irctc.testcases.TC008"/>
  <testcase name="OnlineUsVisaAppy" time="38.074" classname="pom.irctc.testcases.TC008"/>
  <testcase name="OnlineUsVisaAppy" time="36.558" classname="pom.irctc.testcases.TC008"/>
</testsuite> <!-- pom.irctc.testcases.TC008 -->
