<?xml version="1.0" encoding="UTF-8"?>
<!-- Generated by org.testng.reporters.JUnitReportReporter -->
<testsuite skipped="0" hostname="DESKTOP-GG1MRP8" name="pom.irctc.testcases.TC006" tests="3" failures="0" timestamp="11 Feb 2021 09:02:45 GMT" time="325.121" errors="0">
  <testcase name="IndianFrro" time="106.353" classname="pom.irctc.testcases.TC006"/>
  <testcase name="IndianFrro" time="106.530" classname="pom.irctc.testcases.TC006"/>
  <testcase name="IndianFrro" time="112.238" classname="pom.irctc.testcases.TC006"/>
</testsuite> <!-- pom.irctc.testcases.TC006 -->
