<?xml version="1.0" encoding="UTF-8"?>
<!-- Generated by org.testng.reporters.JUnitReportReporter -->
<testsuite skipped="0" hostname="DESKTOP-GG1MRP8" name="pom.irctc.testcases.TC007" tests="3" failures="0" timestamp="19 Feb 2021 08:32:18 GMT" time="64.425" errors="0">
  <testcase name="FacebookSignUp" time="26.012" classname="pom.irctc.testcases.TC007"/>
  <testcase name="FacebookSignUp" time="18.104" classname="pom.irctc.testcases.TC007"/>
  <testcase name="FacebookSignUp" time="20.309" classname="pom.irctc.testcases.TC007"/>
</testsuite> <!-- pom.irctc.testcases.TC007 -->
