<?xml version="1.0" encoding="UTF-8"?>
<!-- Generated by org.testng.reporters.JUnitReportReporter -->
<testsuite skipped="0" hostname="DESKTOP-GG1MRP8" name="pom.irctc.testcases.TC006" tests="3" failures="0" timestamp="15 Feb 2021 13:19:10 GMT" time="301.504" errors="0">
  <testcase name="IndianFrro" time="104.683" classname="pom.irctc.testcases.TC006"/>
  <testcase name="IndianFrro" time="99.305" classname="pom.irctc.testcases.TC006"/>
  <testcase name="IndianFrro" time="97.516" classname="pom.irctc.testcases.TC006"/>
</testsuite> <!-- pom.irctc.testcases.TC006 -->
