<?xml version="1.0" encoding="UTF-8"?>
<!-- Generated by org.testng.reporters.JUnitReportReporter -->
<testsuite skipped="0" hostname="DESKTOP-GG1MRP8" name="pom.irctc.testcases.TC002" tests="1" failures="0" timestamp="15 Feb 2021 13:19:10 GMT" time="78.450" errors="0">
  <testcase name="IrctcBookYourCoach" time="78.450" classname="pom.irctc.testcases.TC002"/>
</testsuite> <!-- pom.irctc.testcases.TC002 -->
