<?xml version="1.0" encoding="UTF-8"?>
<!-- Generated by org.testng.reporters.JUnitReportReporter -->
<testsuite skipped="0" hostname="DESKTOP-GG1MRP8" name="pom.irctc.testcases.TC010" tests="3" failures="0" timestamp="15 Feb 2021 13:19:10 GMT" time="63.117" errors="0">
  <testcase name="PhpTravelsRegister" time="26.708" classname="pom.irctc.testcases.TC010"/>
  <testcase name="PhpTravelsRegister" time="18.537" classname="pom.irctc.testcases.TC010"/>
  <testcase name="PhpTravelsRegister" time="17.872" classname="pom.irctc.testcases.TC010"/>
</testsuite> <!-- pom.irctc.testcases.TC010 -->
