<?xml version="1.0" encoding="UTF-8"?>
<!-- Generated by org.testng.reporters.JUnitReportReporter -->
<testsuite skipped="0" hostname="DESKTOP-GG1MRP8" name="pom.irctc.testcases.TC001" tests="1" failures="0" timestamp="15 Feb 2021 13:19:10 GMT" time="64.444" errors="0">
  <testcase name="IrctcRegistration" time="64.444" classname="pom.irctc.testcases.TC001"/>
</testsuite> <!-- pom.irctc.testcases.TC001 -->
