<?xml version="1.0" encoding="UTF-8"?>
<!-- Generated by org.testng.reporters.JUnitReportReporter -->
<testsuite skipped="0" hostname="DESKTOP-GG1MRP8" name="pom.irctc.testcases.TC007" tests="3" failures="0" timestamp="15 Feb 2021 13:19:10 GMT" time="40.571" errors="0">
  <testcase name="FacebookSignUp" time="13.616" classname="pom.irctc.testcases.TC007"/>
  <testcase name="FacebookSignUp" time="13.576" classname="pom.irctc.testcases.TC007"/>
  <testcase name="FacebookSignUp" time="13.379" classname="pom.irctc.testcases.TC007"/>
</testsuite> <!-- pom.irctc.testcases.TC007 -->
