<?xml version="1.0" encoding="UTF-8"?>
<!-- Generated by org.testng.reporters.JUnitReportReporter -->
<testsuite skipped="0" hostname="DESKTOP-GG1MRP8" name="pom.irctc.testcases.TC008" tests="3" failures="0" timestamp="15 Feb 2021 13:19:10 GMT" time="90.402" errors="0">
  <testcase name="OnlineUsVisaAppy" time="30.132" classname="pom.irctc.testcases.TC008"/>
  <testcase name="OnlineUsVisaAppy" time="29.910" classname="pom.irctc.testcases.TC008"/>
  <testcase name="OnlineUsVisaAppy" time="30.360" classname="pom.irctc.testcases.TC008"/>
</testsuite> <!-- pom.irctc.testcases.TC008 -->
