<?xml version="1.0" encoding="UTF-8"?>
<!-- Generated by org.testng.reporters.JUnitReportReporter -->
<testsuite skipped="0" hostname="DESKTOP-GG1MRP8" name="pom.irctc.testcases.TC009" tests="3" failures="0" timestamp="15 Feb 2021 13:19:10 GMT" time="48.793" errors="0">
  <testcase name="PanApply" time="16.431" classname="pom.irctc.testcases.TC009"/>
  <testcase name="PanApply" time="16.176" classname="pom.irctc.testcases.TC009"/>
  <testcase name="PanApply" time="16.186" classname="pom.irctc.testcases.TC009"/>
</testsuite> <!-- pom.irctc.testcases.TC009 -->
